<?xml version="1.0" encoding="UTF-8"?>
<testng-results skipped="0" failed="0" ignored="0" total="2" passed="2">
  <reporter-output>
  </reporter-output>
  <suite name="Jenkins_Suite" duration-ms="31" started-at="2017-03-05T04:09:45Z" finished-at="2017-03-05T04:09:45Z">
    <groups>
    </groups>
    <test name="Regression1" duration-ms="31" started-at="2017-03-05T04:09:45Z" finished-at="2017-03-05T04:09:45Z">
      <class name="Unit.Testsample">
        <test-method status="PASS" signature="method()[pri:0, instance:Unit.Testsample@1888ff2c]" name="method" duration-ms="16" started-at="2017-03-04T23:09:45Z" finished-at="2017-03-04T23:09:45Z">
          <reporter-output>
          </reporter-output>
        </test-method> <!-- method -->
      </class> <!-- Unit.Testsample -->
      <class name="Unit.Testsample2">
        <test-method status="PASS" signature="method()[pri:0, instance:Unit.Testsample2@6adca536]" name="method" duration-ms="0" started-at="2017-03-04T23:09:45Z" finished-at="2017-03-04T23:09:45Z">
          <reporter-output>
          </reporter-output>
        </test-method> <!-- method -->
      </class> <!-- Unit.Testsample2 -->
    </test> <!-- Regression1 -->
  </suite> <!-- Jenkins_Suite -->
</testng-results>
