<?xml version="1.0" encoding="UTF-8"?>
<testng-results skipped="0" failed="0" ignored="0" total="2" passed="2">
  <reporter-output>
  </reporter-output>
  <suite name="Jenkins_Suite" duration-ms="69" started-at="2017-03-05T03:45:28Z" finished-at="2017-03-05T03:45:28Z">
    <groups>
    </groups>
    <test name="Regression1" duration-ms="69" started-at="2017-03-05T03:45:28Z" finished-at="2017-03-05T03:45:28Z">
      <class name="Unit.Testsample">
        <test-method status="PASS" signature="method()[pri:0, instance:Unit.Testsample@3c09711b]" name="method" duration-ms="31" started-at="2017-03-04T22:45:28Z" finished-at="2017-03-04T22:45:28Z">
          <reporter-output>
          </reporter-output>
        </test-method> <!-- method -->
      </class> <!-- Unit.Testsample -->
      <class name="Unit.Testsample2">
        <test-method status="PASS" signature="method()[pri:0, instance:Unit.Testsample2@4590c9c3]" name="method" duration-ms="16" started-at="2017-03-04T22:45:28Z" finished-at="2017-03-04T22:45:28Z">
          <reporter-output>
          </reporter-output>
        </test-method> <!-- method -->
      </class> <!-- Unit.Testsample2 -->
    </test> <!-- Regression1 -->
  </suite> <!-- Jenkins_Suite -->
</testng-results>
