<?xml version="1.0" encoding="UTF-8"?>
<testng-results skipped="0" failed="0" ignored="0" total="1" passed="1">
  <reporter-output>
  </reporter-output>
  <suite name="Jenkins_Suite_IT" duration-ms="37" started-at="2017-03-05T07:10:17Z" finished-at="2017-03-05T07:10:17Z">
    <groups>
    </groups>
    <test name="Regression_IT" duration-ms="37" started-at="2017-03-05T07:10:17Z" finished-at="2017-03-05T07:10:17Z">
      <class name="IT.ITsample">
        <test-method status="PASS" signature="method()[pri:0, instance:IT.ITsample@6adca536]" name="method" duration-ms="15" started-at="2017-03-05T02:10:17Z" finished-at="2017-03-05T02:10:17Z">
          <reporter-output>
          </reporter-output>
        </test-method> <!-- method -->
      </class> <!-- IT.ITsample -->
    </test> <!-- Regression_IT -->
  </suite> <!-- Jenkins_Suite_IT -->
</testng-results>
